<?xml version="1.0" encoding="UTF-8"?>
<robot generator="Robot 5.0.1 (Python 3.9.11 on win32)" generated="20220926 22:22:30.059" rpa="false" schemaversion="3">
<suite id="s1" name="projetoTradeStickerQAninja" source="C:\RobotFramework\projetoTradeStickerQAninja">
<suite id="s1-s1" name="Tests" source="C:\RobotFramework\projetoTradeStickerQAninja\Tests">
<suite id="s1-s1-s1" name="DashboardTest" source="C:\RobotFramework\projetoTradeStickerQAninja\Tests\DashboardTest.robot">
<kw name="Start Session and Login" library="BasePage" type="SETUP">
<kw name="Start Session" library="BasePage">
<kw name="Open Browser" library="SeleniumLibrary">
<arg>about:blank</arg>
<arg>${BROWSER}</arg>
<doc>Opens a new browser instance to the optional ``url``.</doc>
<msg timestamp="20220926 22:22:30.781" level="INFO">Opening browser 'chrome' to base url 'about:blank'.</msg>
<status status="PASS" starttime="20220926 22:22:30.781" endtime="20220926 22:22:32.278"/>
</kw>
<kw name="Set Selenium Implicit Wait" library="SeleniumLibrary">
<arg>${TIMEOUT}</arg>
<doc>Sets the implicit wait value used by Selenium.</doc>
<status status="PASS" starttime="20220926 22:22:32.279" endtime="20220926 22:22:32.282"/>
</kw>
<kw name="Set Window Size" library="SeleniumLibrary">
<arg>${BROWSER_WIDTH}</arg>
<arg>${BROWSER_HEIGHT}</arg>
<doc>Sets current windows size to given ``width`` and ``height``.</doc>
<status status="PASS" starttime="20220926 22:22:32.282" endtime="20220926 22:22:32.406"/>
</kw>
<kw name="Go To" library="SeleniumLibrary">
<arg>${BASEURL}</arg>
<doc>Navigates the current browser window to the provided ``url``.</doc>
<msg timestamp="20220926 22:22:32.406" level="INFO">Opening url 'https://trade-sticker-dev.vercel.app/'</msg>
<status status="PASS" starttime="20220926 22:22:32.406" endtime="20220926 22:22:35.369"/>
</kw>
<kw name="Get Title" library="SeleniumLibrary">
<var>${PageTitle}</var>
<doc>Returns the title of the current page.</doc>
<msg timestamp="20220926 22:22:35.379" level="INFO">${PageTitle} = Trade Sticker by Papito</msg>
<status status="PASS" starttime="20220926 22:22:35.370" endtime="20220926 22:22:35.380"/>
</kw>
<kw name="Log" library="BuiltIn">
<arg>${PageTitle}</arg>
<doc>Logs the given message with the given level.</doc>
<msg timestamp="20220926 22:22:35.382" level="INFO">Trade Sticker by Papito</msg>
<status status="PASS" starttime="20220926 22:22:35.381" endtime="20220926 22:22:35.383"/>
</kw>
<kw name="Check Login Page" library="LoginPage">
<kw name="Wait Until Element Is Visible" library="SeleniumLibrary">
<arg>${loginButton}</arg>
<doc>Waits until the element ``locator`` is visible.</doc>
<status status="PASS" starttime="20220926 22:22:35.384" endtime="20220926 22:22:35.417"/>
</kw>
<kw name="Element Should Be Visible" library="SeleniumLibrary">
<arg>${loginButton}</arg>
<doc>Verifies that the element identified by ``locator`` is visible.</doc>
<msg timestamp="20220926 22:22:35.435" level="INFO">Element '//button[contains(text(),'Entrar')]' is displayed.</msg>
<status status="PASS" starttime="20220926 22:22:35.417" endtime="20220926 22:22:35.436"/>
</kw>
<status status="PASS" starttime="20220926 22:22:35.383" endtime="20220926 22:22:35.436"/>
</kw>
<status status="PASS" starttime="20220926 22:22:30.780" endtime="20220926 22:22:35.436"/>
</kw>
<kw name="Login With" library="LoginPage">
<arg>${login}</arg>
<arg>${password}</arg>
<kw name="Check Login Page" library="LoginPage">
<kw name="Wait Until Element Is Visible" library="SeleniumLibrary">
<arg>${loginButton}</arg>
<doc>Waits until the element ``locator`` is visible.</doc>
<status status="PASS" starttime="20220926 22:22:35.437" endtime="20220926 22:22:35.451"/>
</kw>
<kw name="Element Should Be Visible" library="SeleniumLibrary">
<arg>${loginButton}</arg>
<doc>Verifies that the element identified by ``locator`` is visible.</doc>
<msg timestamp="20220926 22:22:35.468" level="INFO">Element '//button[contains(text(),'Entrar')]' is displayed.</msg>
<status status="PASS" starttime="20220926 22:22:35.451" endtime="20220926 22:22:35.469"/>
</kw>
<status status="PASS" starttime="20220926 22:22:35.437" endtime="20220926 22:22:35.470"/>
</kw>
<kw name="Input Text" library="SeleniumLibrary">
<arg>${loginInput}</arg>
<arg>${login}</arg>
<doc>Types the given ``text`` into the text field identified by ``locator``.</doc>
<msg timestamp="20220926 22:22:35.470" level="INFO">Typing text 'papito@gmail.com' into text field 'name:email'.</msg>
<status status="PASS" starttime="20220926 22:22:35.470" endtime="20220926 22:22:35.587"/>
</kw>
<kw name="Input Text" library="SeleniumLibrary">
<arg>${passwordInput}</arg>
<arg>${password}</arg>
<doc>Types the given ``text`` into the text field identified by ``locator``.</doc>
<msg timestamp="20220926 22:22:35.587" level="INFO">Typing text 'vaibrasil' into text field 'name:password'.</msg>
<status status="PASS" starttime="20220926 22:22:35.587" endtime="20220926 22:22:35.665"/>
</kw>
<kw name="Click Element" library="SeleniumLibrary">
<arg>${loginButton}</arg>
<doc>Click the element identified by ``locator``.</doc>
<msg timestamp="20220926 22:22:35.666" level="INFO">Clicking element '//button[contains(text(),'Entrar')]'.</msg>
<status status="PASS" starttime="20220926 22:22:35.665" endtime="20220926 22:22:35.720"/>
</kw>
<status status="PASS" starttime="20220926 22:22:35.437" endtime="20220926 22:22:35.721"/>
</kw>
<kw name="Check DashBoardPage Page" library="DashboardPage">
<kw name="Wait Until Element Is Visible" library="SeleniumLibrary">
<arg>${backButton}</arg>
<doc>Waits until the element ``locator`` is visible.</doc>
<status status="PASS" starttime="20220926 22:22:35.722" endtime="20220926 22:22:35.958"/>
</kw>
<kw name="Wait Until Element Is Visible" library="SeleniumLibrary">
<arg>${searchBarInput}</arg>
<doc>Waits until the element ``locator`` is visible.</doc>
<status status="PASS" starttime="20220926 22:22:35.958" endtime="20220926 22:22:35.978"/>
</kw>
<kw name="Wait Until Element Is Visible" library="SeleniumLibrary">
<arg>${searchButton}</arg>
<doc>Waits until the element ``locator`` is visible.</doc>
<status status="PASS" starttime="20220926 22:22:35.979" endtime="20220926 22:22:35.997"/>
</kw>
<status status="PASS" starttime="20220926 22:22:35.721" endtime="20220926 22:22:35.997"/>
</kw>
<status status="PASS" starttime="20220926 22:22:30.780" endtime="20220926 22:22:35.997"/>
</kw>
<test id="s1-s1-s1-t1" name="Scenario1: Check Search function" line="11">
<kw name="Search for ticket" library="DashboardPage">
<arg>Neymar</arg>
<kw name="Input Text" library="SeleniumLibrary">
<arg>${searchBarInput}</arg>
<arg>${ticket}</arg>
<doc>Types the given ``text`` into the text field identified by ``locator``.</doc>
<msg timestamp="20220926 22:22:36.001" level="INFO">Typing text 'Neymar' into text field 'id:keyword'.</msg>
<status status="PASS" starttime="20220926 22:22:36.000" endtime="20220926 22:22:36.067"/>
</kw>
<kw name="Click Search Button" library="DashboardPage">
<kw name="Click Element" library="SeleniumLibrary">
<arg>${searchButton}</arg>
<doc>Click the element identified by ``locator``.</doc>
<msg timestamp="20220926 22:22:36.069" level="INFO">Clicking element '//button[contains(text(),'Buscar')]'.</msg>
<status status="PASS" starttime="20220926 22:22:36.068" endtime="20220926 22:22:36.104"/>
</kw>
<status status="PASS" starttime="20220926 22:22:36.068" endtime="20220926 22:22:36.105"/>
</kw>
<status status="PASS" starttime="20220926 22:22:35.999" endtime="20220926 22:22:36.105"/>
</kw>
<kw name="Check Results" library="DashboardPage">
<kw name="Wait Until Element Is Visible" library="SeleniumLibrary">
<arg>${searchResultsTable}</arg>
<doc>Waits until the element ``locator`` is visible.</doc>
<status status="PASS" starttime="20220926 22:22:36.106" endtime="20220926 22:22:36.927"/>
</kw>
<status status="PASS" starttime="20220926 22:22:36.106" endtime="20220926 22:22:36.927"/>
</kw>
<doc>Test for Dashboard Page</doc>
<tag>Dashboard</tag>
<tag>full</tag>
<tag>smoke</tag>
<status status="PASS" starttime="20220926 22:22:35.998" endtime="20220926 22:22:36.928"/>
</test>
<test id="s1-s1-s1-t2" name="Scenario1: Check no results" line="18">
<kw name="Search for ticket" library="DashboardPage">
<arg>noResults</arg>
<kw name="Input Text" library="SeleniumLibrary">
<arg>${searchBarInput}</arg>
<arg>${ticket}</arg>
<doc>Types the given ``text`` into the text field identified by ``locator``.</doc>
<msg timestamp="20220926 22:22:36.934" level="INFO">Typing text 'noResults' into text field 'id:keyword'.</msg>
<status status="PASS" starttime="20220926 22:22:36.933" endtime="20220926 22:22:37.005"/>
</kw>
<kw name="Click Search Button" library="DashboardPage">
<kw name="Click Element" library="SeleniumLibrary">
<arg>${searchButton}</arg>
<doc>Click the element identified by ``locator``.</doc>
<msg timestamp="20220926 22:22:37.006" level="INFO">Clicking element '//button[contains(text(),'Buscar')]'.</msg>
<status status="PASS" starttime="20220926 22:22:37.006" endtime="20220926 22:22:37.033"/>
</kw>
<status status="PASS" starttime="20220926 22:22:37.005" endtime="20220926 22:22:37.033"/>
</kw>
<status status="PASS" starttime="20220926 22:22:36.933" endtime="20220926 22:22:37.034"/>
</kw>
<kw name="Check No Results" library="DashboardPage">
<kw name="Wait Until Element Is Visible" library="SeleniumLibrary">
<arg>${erroAlert}</arg>
<doc>Waits until the element ``locator`` is visible.</doc>
<status status="PASS" starttime="20220926 22:22:37.035" endtime="20220926 22:22:37.608"/>
</kw>
<status status="PASS" starttime="20220926 22:22:37.034" endtime="20220926 22:22:37.609"/>
</kw>
<doc>Test for Dashboard Page</doc>
<tag>Dashboard</tag>
<tag>full</tag>
<tag>smoke</tag>
<status status="PASS" starttime="20220926 22:22:36.931" endtime="20220926 22:22:37.609"/>
</test>
<kw name="Close Session" library="BasePage" type="TEARDOWN">
<kw name="Capture Page Screenshot" library="SeleniumLibrary">
<doc>Takes a screenshot of the current page and embeds it into a log file.</doc>
<msg timestamp="20220926 22:22:37.968" level="INFO" html="true">&lt;/td&gt;&lt;/tr&gt;&lt;tr&gt;&lt;td colspan="3"&gt;&lt;a href="selenium-screenshot-31.png"&gt;&lt;img src="selenium-screenshot-31.png" width="800px"&gt;&lt;/a&gt;</msg>
<status status="PASS" starttime="20220926 22:22:37.613" endtime="20220926 22:22:37.970"/>
</kw>
<kw name="Close Browser" library="SeleniumLibrary">
<doc>Closes the current browser.</doc>
<status status="PASS" starttime="20220926 22:22:37.971" endtime="20220926 22:22:40.392"/>
</kw>
<status status="PASS" starttime="20220926 22:22:37.613" endtime="20220926 22:22:40.393"/>
</kw>
<status status="PASS" starttime="20220926 22:22:30.098" endtime="20220926 22:22:40.393"/>
</suite>
<suite id="s1-s1-s2" name="LoginTest" source="C:\RobotFramework\projetoTradeStickerQAninja\Tests\LoginTest.robot">
<kw name="Start Session" library="BasePage" type="SETUP">
<kw name="Open Browser" library="SeleniumLibrary">
<arg>about:blank</arg>
<arg>${BROWSER}</arg>
<doc>Opens a new browser instance to the optional ``url``.</doc>
<msg timestamp="20220926 22:22:40.414" level="INFO">Opening browser 'chrome' to base url 'about:blank'.</msg>
<status status="PASS" starttime="20220926 22:22:40.414" endtime="20220926 22:22:42.078"/>
</kw>
<kw name="Set Selenium Implicit Wait" library="SeleniumLibrary">
<arg>${TIMEOUT}</arg>
<doc>Sets the implicit wait value used by Selenium.</doc>
<status status="PASS" starttime="20220926 22:22:42.079" endtime="20220926 22:22:42.081"/>
</kw>
<kw name="Set Window Size" library="SeleniumLibrary">
<arg>${BROWSER_WIDTH}</arg>
<arg>${BROWSER_HEIGHT}</arg>
<doc>Sets current windows size to given ``width`` and ``height``.</doc>
<status status="PASS" starttime="20220926 22:22:42.082" endtime="20220926 22:22:42.215"/>
</kw>
<kw name="Go To" library="SeleniumLibrary">
<arg>${BASEURL}</arg>
<doc>Navigates the current browser window to the provided ``url``.</doc>
<msg timestamp="20220926 22:22:42.217" level="INFO">Opening url 'https://trade-sticker-dev.vercel.app/'</msg>
<status status="PASS" starttime="20220926 22:22:42.216" endtime="20220926 22:22:43.675"/>
</kw>
<kw name="Get Title" library="SeleniumLibrary">
<var>${PageTitle}</var>
<doc>Returns the title of the current page.</doc>
<msg timestamp="20220926 22:22:43.680" level="INFO">${PageTitle} = Trade Sticker by Papito</msg>
<status status="PASS" starttime="20220926 22:22:43.676" endtime="20220926 22:22:43.681"/>
</kw>
<kw name="Log" library="BuiltIn">
<arg>${PageTitle}</arg>
<doc>Logs the given message with the given level.</doc>
<msg timestamp="20220926 22:22:43.683" level="INFO">Trade Sticker by Papito</msg>
<status status="PASS" starttime="20220926 22:22:43.682" endtime="20220926 22:22:43.685"/>
</kw>
<kw name="Check Login Page" library="LoginPage">
<kw name="Wait Until Element Is Visible" library="SeleniumLibrary">
<arg>${loginButton}</arg>
<doc>Waits until the element ``locator`` is visible.</doc>
<status status="PASS" starttime="20220926 22:22:43.687" endtime="20220926 22:22:43.718"/>
</kw>
<kw name="Element Should Be Visible" library="SeleniumLibrary">
<arg>${loginButton}</arg>
<doc>Verifies that the element identified by ``locator`` is visible.</doc>
<msg timestamp="20220926 22:22:43.738" level="INFO">Element '//button[contains(text(),'Entrar')]' is displayed.</msg>
<status status="PASS" starttime="20220926 22:22:43.719" endtime="20220926 22:22:43.738"/>
</kw>
<status status="PASS" starttime="20220926 22:22:43.686" endtime="20220926 22:22:43.740"/>
</kw>
<status status="PASS" starttime="20220926 22:22:40.412" endtime="20220926 22:22:43.740"/>
</kw>
<test id="s1-s1-s2-t1" name="Scenario1: Check Login Page" line="13">
<kw name="Login With" library="LoginPage">
<arg>${login}</arg>
<arg>${password}</arg>
<kw name="Check Login Page" library="LoginPage">
<kw name="Wait Until Element Is Visible" library="SeleniumLibrary">
<arg>${loginButton}</arg>
<doc>Waits until the element ``locator`` is visible.</doc>
<status status="PASS" starttime="20220926 22:22:43.744" endtime="20220926 22:22:43.761"/>
</kw>
<kw name="Element Should Be Visible" library="SeleniumLibrary">
<arg>${loginButton}</arg>
<doc>Verifies that the element identified by ``locator`` is visible.</doc>
<msg timestamp="20220926 22:22:43.775" level="INFO">Element '//button[contains(text(),'Entrar')]' is displayed.</msg>
<status status="PASS" starttime="20220926 22:22:43.761" endtime="20220926 22:22:43.777"/>
</kw>
<status status="PASS" starttime="20220926 22:22:43.744" endtime="20220926 22:22:43.777"/>
</kw>
<kw name="Input Text" library="SeleniumLibrary">
<arg>${loginInput}</arg>
<arg>${login}</arg>
<doc>Types the given ``text`` into the text field identified by ``locator``.</doc>
<msg timestamp="20220926 22:22:43.778" level="INFO">Typing text 'papito@gmail.com' into text field 'name:email'.</msg>
<status status="PASS" starttime="20220926 22:22:43.777" endtime="20220926 22:22:43.883"/>
</kw>
<kw name="Input Text" library="SeleniumLibrary">
<arg>${passwordInput}</arg>
<arg>${password}</arg>
<doc>Types the given ``text`` into the text field identified by ``locator``.</doc>
<msg timestamp="20220926 22:22:43.885" level="INFO">Typing text 'vaibrasil' into text field 'name:password'.</msg>
<status status="PASS" starttime="20220926 22:22:43.885" endtime="20220926 22:22:43.965"/>
</kw>
<kw name="Click Element" library="SeleniumLibrary">
<arg>${loginButton}</arg>
<doc>Click the element identified by ``locator``.</doc>
<msg timestamp="20220926 22:22:43.967" level="INFO">Clicking element '//button[contains(text(),'Entrar')]'.</msg>
<status status="PASS" starttime="20220926 22:22:43.966" endtime="20220926 22:22:44.020"/>
</kw>
<status status="PASS" starttime="20220926 22:22:43.742" endtime="20220926 22:22:44.020"/>
</kw>
<kw name="Check DashBoardPage Page" library="DashboardPage">
<kw name="Wait Until Element Is Visible" library="SeleniumLibrary">
<arg>${backButton}</arg>
<doc>Waits until the element ``locator`` is visible.</doc>
<status status="PASS" starttime="20220926 22:22:44.022" endtime="20220926 22:22:44.265"/>
</kw>
<kw name="Wait Until Element Is Visible" library="SeleniumLibrary">
<arg>${searchBarInput}</arg>
<doc>Waits until the element ``locator`` is visible.</doc>
<status status="PASS" starttime="20220926 22:22:44.266" endtime="20220926 22:22:44.286"/>
</kw>
<kw name="Wait Until Element Is Visible" library="SeleniumLibrary">
<arg>${searchButton}</arg>
<doc>Waits until the element ``locator`` is visible.</doc>
<status status="PASS" starttime="20220926 22:22:44.286" endtime="20220926 22:22:44.306"/>
</kw>
<status status="PASS" starttime="20220926 22:22:44.022" endtime="20220926 22:22:44.307"/>
</kw>
<doc>Test for Login Page</doc>
<tag>full</tag>
<tag>login</tag>
<tag>smoke</tag>
<status status="PASS" starttime="20220926 22:22:43.740" endtime="20220926 22:22:44.308"/>
</test>
<kw name="Close Session" library="BasePage" type="TEARDOWN">
<kw name="Capture Page Screenshot" library="SeleniumLibrary">
<doc>Takes a screenshot of the current page and embeds it into a log file.</doc>
<msg timestamp="20220926 22:22:44.703" level="INFO" html="true">&lt;/td&gt;&lt;/tr&gt;&lt;tr&gt;&lt;td colspan="3"&gt;&lt;a href="selenium-screenshot-32.png"&gt;&lt;img src="selenium-screenshot-32.png" width="800px"&gt;&lt;/a&gt;</msg>
<status status="PASS" starttime="20220926 22:22:44.311" endtime="20220926 22:22:44.705"/>
</kw>
<kw name="Close Browser" library="SeleniumLibrary">
<doc>Closes the current browser.</doc>
<status status="PASS" starttime="20220926 22:22:44.705" endtime="20220926 22:22:46.827"/>
</kw>
<status status="PASS" starttime="20220926 22:22:44.310" endtime="20220926 22:22:46.828"/>
</kw>
<status status="PASS" starttime="20220926 22:22:40.396" endtime="20220926 22:22:46.828"/>
</suite>
<status status="PASS" starttime="20220926 22:22:30.094" endtime="20220926 22:22:46.833"/>
</suite>
<status status="PASS" starttime="20220926 22:22:30.064" endtime="20220926 22:22:46.837"/>
</suite>
<statistics>
<total>
<stat pass="3" fail="0" skip="0">All Tests</stat>
</total>
<tag>
<stat pass="2" fail="0" skip="0">Dashboard</stat>
<stat pass="3" fail="0" skip="0">full</stat>
<stat pass="1" fail="0" skip="0">login</stat>
<stat pass="3" fail="0" skip="0">smoke</stat>
</tag>
<suite>
<stat pass="3" fail="0" skip="0" id="s1" name="projetoTradeStickerQAninja">projetoTradeStickerQAninja</stat>
<stat pass="3" fail="0" skip="0" id="s1-s1" name="Tests">projetoTradeStickerQAninja.Tests</stat>
<stat pass="2" fail="0" skip="0" id="s1-s1-s1" name="DashboardTest">projetoTradeStickerQAninja.Tests.DashboardTest</stat>
<stat pass="1" fail="0" skip="0" id="s1-s1-s2" name="LoginTest">projetoTradeStickerQAninja.Tests.LoginTest</stat>
</suite>
</statistics>
<errors>
</errors>
</robot>
