<?xml version="1.0" encoding="UTF-8"?>
<robot generator="Robot 5.0.1 (Python 3.9.11 on win32)" generated="20220927 14:50:42.932" rpa="false" schemaversion="3">
<suite id="s1" name="projetoTradeStickerQAninja" source="C:\RobotFramework\projetoTradeStickerQAninja">
<suite id="s1-s1" name="Tests" source="C:\RobotFramework\projetoTradeStickerQAninja\Tests">
<suite id="s1-s1-s1" name="DashboardTest" source="C:\RobotFramework\projetoTradeStickerQAninja\Tests\DashboardTest.robot">
<kw name="Start Session and Login" library="BasePage" type="SETUP">
<kw name="Start Session" library="BasePage">
<kw name="Get Driver Path With Browser" library="webdriverManager">
<var>${driver_path}</var>
<arg>${BROWSER}</arg>
<msg timestamp="20220927 14:50:43.619" level="INFO">====== WebDriver manager ======</msg>
<msg timestamp="20220927 14:50:44.424" level="INFO">Get LATEST chromedriver version for google-chrome 105.0.5195</msg>
<msg timestamp="20220927 14:50:45.311" level="INFO">Driver [C:\Users\telve\.wdm\drivers\chromedriver\win32\105.0.5195\chromedriver.exe] found in cache</msg>
<msg timestamp="20220927 14:50:45.313" level="INFO">C:\Users\telve\.wdm\drivers\chromedriver\win32\105.0.5195\chromedriver.exe</msg>
<msg timestamp="20220927 14:50:45.314" level="INFO">${driver_path} = C:\Users\telve\.wdm\drivers\chromedriver\win32\105.0.5195\chromedriver.exe</msg>
<status status="PASS" starttime="20220927 14:50:43.619" endtime="20220927 14:50:45.315"/>
</kw>
<kw name="Open Browser" library="SeleniumLibrary">
<arg>about:blank</arg>
<arg>${BROWSER}</arg>
<arg>executable_path=${driver_path}</arg>
<doc>Opens a new browser instance to the optional ``url``.</doc>
<msg timestamp="20220927 14:50:45.316" level="INFO">Opening browser 'chrome' to base url 'about:blank'.</msg>
<status status="PASS" starttime="20220927 14:50:45.315" endtime="20220927 14:50:47.103"/>
</kw>
<kw name="Set Selenium Implicit Wait" library="SeleniumLibrary">
<arg>${TIMEOUT}</arg>
<doc>Sets the implicit wait value used by Selenium.</doc>
<status status="PASS" starttime="20220927 14:50:47.104" endtime="20220927 14:50:47.107"/>
</kw>
<kw name="Set Window Size" library="SeleniumLibrary">
<arg>${BROWSER_WIDTH}</arg>
<arg>${BROWSER_HEIGHT}</arg>
<doc>Sets current windows size to given ``width`` and ``height``.</doc>
<status status="PASS" starttime="20220927 14:50:47.107" endtime="20220927 14:50:47.234"/>
</kw>
<kw name="Go To" library="SeleniumLibrary">
<arg>${BASEURL}</arg>
<doc>Navigates the current browser window to the provided ``url``.</doc>
<msg timestamp="20220927 14:50:47.235" level="INFO">Opening url 'https://trade-sticker-dev.vercel.app/'</msg>
<status status="PASS" starttime="20220927 14:50:47.235" endtime="20220927 14:50:49.005"/>
</kw>
<kw name="Get Title" library="SeleniumLibrary">
<var>${PageTitle}</var>
<doc>Returns the title of the current page.</doc>
<msg timestamp="20220927 14:50:49.011" level="INFO">${PageTitle} = Trade Sticker by Papito</msg>
<status status="PASS" starttime="20220927 14:50:49.006" endtime="20220927 14:50:49.012"/>
</kw>
<kw name="Log" library="BuiltIn">
<arg>${PageTitle}</arg>
<doc>Logs the given message with the given level.</doc>
<msg timestamp="20220927 14:50:49.015" level="INFO">Trade Sticker by Papito</msg>
<status status="PASS" starttime="20220927 14:50:49.013" endtime="20220927 14:50:49.016"/>
</kw>
<kw name="Check Login Page" library="LoginPage">
<kw name="Wait Until Element Is Visible" library="SeleniumLibrary">
<arg>${loginButton}</arg>
<doc>Waits until the element ``locator`` is visible.</doc>
<status status="PASS" starttime="20220927 14:50:49.017" endtime="20220927 14:50:49.046"/>
</kw>
<kw name="Element Should Be Visible" library="SeleniumLibrary">
<arg>${loginButton}</arg>
<doc>Verifies that the element identified by ``locator`` is visible.</doc>
<msg timestamp="20220927 14:50:49.067" level="INFO">Element '//button[contains(text(),'Entrar')]' is displayed.</msg>
<status status="PASS" starttime="20220927 14:50:49.046" endtime="20220927 14:50:49.069"/>
</kw>
<status status="PASS" starttime="20220927 14:50:49.016" endtime="20220927 14:50:49.069"/>
</kw>
<status status="PASS" starttime="20220927 14:50:43.618" endtime="20220927 14:50:49.069"/>
</kw>
<kw name="Login With" library="LoginPage">
<arg>${login}</arg>
<arg>${password}</arg>
<kw name="Check Login Page" library="LoginPage">
<kw name="Wait Until Element Is Visible" library="SeleniumLibrary">
<arg>${loginButton}</arg>
<doc>Waits until the element ``locator`` is visible.</doc>
<status status="PASS" starttime="20220927 14:50:49.071" endtime="20220927 14:50:49.085"/>
</kw>
<kw name="Element Should Be Visible" library="SeleniumLibrary">
<arg>${loginButton}</arg>
<doc>Verifies that the element identified by ``locator`` is visible.</doc>
<msg timestamp="20220927 14:50:49.101" level="INFO">Element '//button[contains(text(),'Entrar')]' is displayed.</msg>
<status status="PASS" starttime="20220927 14:50:49.086" endtime="20220927 14:50:49.103"/>
</kw>
<status status="PASS" starttime="20220927 14:50:49.070" endtime="20220927 14:50:49.103"/>
</kw>
<kw name="Input Text" library="SeleniumLibrary">
<arg>${loginInput}</arg>
<arg>${login}</arg>
<doc>Types the given ``text`` into the text field identified by ``locator``.</doc>
<msg timestamp="20220927 14:50:49.104" level="INFO">Typing text 'papito@gmail.com' into text field 'name:email'.</msg>
<status status="PASS" starttime="20220927 14:50:49.104" endtime="20220927 14:50:49.205"/>
</kw>
<kw name="Input Text" library="SeleniumLibrary">
<arg>${passwordInput}</arg>
<arg>${password}</arg>
<doc>Types the given ``text`` into the text field identified by ``locator``.</doc>
<msg timestamp="20220927 14:50:49.206" level="INFO">Typing text 'vaibrasil' into text field 'name:password'.</msg>
<status status="PASS" starttime="20220927 14:50:49.205" endtime="20220927 14:50:49.283"/>
</kw>
<kw name="Click Element" library="SeleniumLibrary">
<arg>${loginButton}</arg>
<doc>Click the element identified by ``locator``.</doc>
<msg timestamp="20220927 14:50:49.284" level="INFO">Clicking element '//button[contains(text(),'Entrar')]'.</msg>
<status status="PASS" starttime="20220927 14:50:49.283" endtime="20220927 14:50:49.340"/>
</kw>
<status status="PASS" starttime="20220927 14:50:49.070" endtime="20220927 14:50:49.340"/>
</kw>
<kw name="Check DashBoardPage Page" library="DashboardPage">
<kw name="Wait Until Element Is Visible" library="SeleniumLibrary">
<arg>${backButton}</arg>
<doc>Waits until the element ``locator`` is visible.</doc>
<status status="PASS" starttime="20220927 14:50:49.341" endtime="20220927 14:50:49.586"/>
</kw>
<kw name="Wait Until Element Is Visible" library="SeleniumLibrary">
<arg>${searchBarInput}</arg>
<doc>Waits until the element ``locator`` is visible.</doc>
<status status="PASS" starttime="20220927 14:50:49.586" endtime="20220927 14:50:49.604"/>
</kw>
<kw name="Wait Until Element Is Visible" library="SeleniumLibrary">
<arg>${searchButton}</arg>
<doc>Waits until the element ``locator`` is visible.</doc>
<status status="PASS" starttime="20220927 14:50:49.604" endtime="20220927 14:50:49.623"/>
</kw>
<status status="PASS" starttime="20220927 14:50:49.340" endtime="20220927 14:50:49.623"/>
</kw>
<status status="PASS" starttime="20220927 14:50:43.618" endtime="20220927 14:50:49.623"/>
</kw>
<test id="s1-s1-s1-t1" name="Scenario1: Check Search function" line="11">
<kw name="Search for ticket" library="DashboardPage">
<arg>Neymar</arg>
<kw name="Input Text" library="SeleniumLibrary">
<arg>${searchBarInput}</arg>
<arg>${ticket}</arg>
<doc>Types the given ``text`` into the text field identified by ``locator``.</doc>
<msg timestamp="20220927 14:50:49.629" level="INFO">Typing text 'Neymar' into text field 'id:keyword'.</msg>
<status status="PASS" starttime="20220927 14:50:49.627" endtime="20220927 14:50:49.699"/>
</kw>
<kw name="Click Search Button" library="DashboardPage">
<kw name="Click Element" library="SeleniumLibrary">
<arg>${searchButton}</arg>
<doc>Click the element identified by ``locator``.</doc>
<msg timestamp="20220927 14:50:49.701" level="INFO">Clicking element '//button[contains(text(),'Buscar')]'.</msg>
<status status="PASS" starttime="20220927 14:50:49.700" endtime="20220927 14:50:49.734"/>
</kw>
<status status="PASS" starttime="20220927 14:50:49.700" endtime="20220927 14:50:49.735"/>
</kw>
<status status="PASS" starttime="20220927 14:50:49.626" endtime="20220927 14:50:49.735"/>
</kw>
<kw name="Check Results" library="DashboardPage">
<kw name="Wait Until Element Is Visible" library="SeleniumLibrary">
<arg>${searchResultsTable}</arg>
<doc>Waits until the element ``locator`` is visible.</doc>
<status status="PASS" starttime="20220927 14:50:49.736" endtime="20220927 14:50:50.631"/>
</kw>
<status status="PASS" starttime="20220927 14:50:49.735" endtime="20220927 14:50:50.631"/>
</kw>
<doc>Test for Dashboard Page</doc>
<tag>Dashboard</tag>
<tag>full</tag>
<tag>smoke</tag>
<status status="PASS" starttime="20220927 14:50:49.624" endtime="20220927 14:50:50.632"/>
</test>
<test id="s1-s1-s1-t2" name="Scenario1: Check no results" line="18">
<kw name="Search for ticket" library="DashboardPage">
<arg>noResults</arg>
<kw name="Input Text" library="SeleniumLibrary">
<arg>${searchBarInput}</arg>
<arg>${ticket}</arg>
<doc>Types the given ``text`` into the text field identified by ``locator``.</doc>
<msg timestamp="20220927 14:50:50.636" level="INFO">Typing text 'noResults' into text field 'id:keyword'.</msg>
<status status="PASS" starttime="20220927 14:50:50.636" endtime="20220927 14:50:50.709"/>
</kw>
<kw name="Click Search Button" library="DashboardPage">
<kw name="Click Element" library="SeleniumLibrary">
<arg>${searchButton}</arg>
<doc>Click the element identified by ``locator``.</doc>
<msg timestamp="20220927 14:50:50.711" level="INFO">Clicking element '//button[contains(text(),'Buscar')]'.</msg>
<status status="PASS" starttime="20220927 14:50:50.710" endtime="20220927 14:50:50.739"/>
</kw>
<status status="PASS" starttime="20220927 14:50:50.710" endtime="20220927 14:50:50.739"/>
</kw>
<status status="PASS" starttime="20220927 14:50:50.635" endtime="20220927 14:50:50.739"/>
</kw>
<kw name="Check No Results" library="DashboardPage">
<kw name="Wait Until Element Is Visible" library="SeleniumLibrary">
<arg>${erroAlert}</arg>
<doc>Waits until the element ``locator`` is visible.</doc>
<status status="PASS" starttime="20220927 14:50:50.741" endtime="20220927 14:50:51.250"/>
</kw>
<status status="PASS" starttime="20220927 14:50:50.740" endtime="20220927 14:50:51.250"/>
</kw>
<doc>Test for Dashboard Page</doc>
<tag>Dashboard</tag>
<tag>full</tag>
<tag>smoke</tag>
<status status="PASS" starttime="20220927 14:50:50.634" endtime="20220927 14:50:51.250"/>
</test>
<kw name="Close Session" library="BasePage" type="TEARDOWN">
<kw name="Capture Page Screenshot" library="SeleniumLibrary">
<doc>Takes a screenshot of the current page and embeds it into a log file.</doc>
<msg timestamp="20220927 14:50:51.615" level="INFO" html="true">&lt;/td&gt;&lt;/tr&gt;&lt;tr&gt;&lt;td colspan="3"&gt;&lt;a href="selenium-screenshot-35.png"&gt;&lt;img src="selenium-screenshot-35.png" width="800px"&gt;&lt;/a&gt;</msg>
<status status="PASS" starttime="20220927 14:50:51.253" endtime="20220927 14:50:51.617"/>
</kw>
<kw name="Close Browser" library="SeleniumLibrary">
<doc>Closes the current browser.</doc>
<status status="PASS" starttime="20220927 14:50:51.617" endtime="20220927 14:50:54.032"/>
</kw>
<status status="PASS" starttime="20220927 14:50:51.252" endtime="20220927 14:50:54.033"/>
</kw>
<status status="PASS" starttime="20220927 14:50:42.970" endtime="20220927 14:50:54.033"/>
</suite>
<suite id="s1-s1-s2" name="LoginTest" source="C:\RobotFramework\projetoTradeStickerQAninja\Tests\LoginTest.robot">
<kw name="Start Session" library="BasePage" type="SETUP">
<kw name="Get Driver Path With Browser" library="webdriverManager">
<var>${driver_path}</var>
<arg>${BROWSER}</arg>
<msg timestamp="20220927 14:50:54.058" level="INFO">====== WebDriver manager ======</msg>
<msg timestamp="20220927 14:50:54.598" level="INFO">Get LATEST chromedriver version for google-chrome 105.0.5195</msg>
<msg timestamp="20220927 14:50:55.253" level="INFO">Driver [C:\Users\telve\.wdm\drivers\chromedriver\win32\105.0.5195\chromedriver.exe] found in cache</msg>
<msg timestamp="20220927 14:50:55.255" level="INFO">C:\Users\telve\.wdm\drivers\chromedriver\win32\105.0.5195\chromedriver.exe</msg>
<msg timestamp="20220927 14:50:55.256" level="INFO">${driver_path} = C:\Users\telve\.wdm\drivers\chromedriver\win32\105.0.5195\chromedriver.exe</msg>
<status status="PASS" starttime="20220927 14:50:54.057" endtime="20220927 14:50:55.258"/>
</kw>
<kw name="Open Browser" library="SeleniumLibrary">
<arg>about:blank</arg>
<arg>${BROWSER}</arg>
<arg>executable_path=${driver_path}</arg>
<doc>Opens a new browser instance to the optional ``url``.</doc>
<msg timestamp="20220927 14:50:55.259" level="INFO">Opening browser 'chrome' to base url 'about:blank'.</msg>
<status status="PASS" starttime="20220927 14:50:55.259" endtime="20220927 14:50:56.985"/>
</kw>
<kw name="Set Selenium Implicit Wait" library="SeleniumLibrary">
<arg>${TIMEOUT}</arg>
<doc>Sets the implicit wait value used by Selenium.</doc>
<status status="PASS" starttime="20220927 14:50:56.985" endtime="20220927 14:50:56.988"/>
</kw>
<kw name="Set Window Size" library="SeleniumLibrary">
<arg>${BROWSER_WIDTH}</arg>
<arg>${BROWSER_HEIGHT}</arg>
<doc>Sets current windows size to given ``width`` and ``height``.</doc>
<status status="PASS" starttime="20220927 14:50:56.988" endtime="20220927 14:50:57.113"/>
</kw>
<kw name="Go To" library="SeleniumLibrary">
<arg>${BASEURL}</arg>
<doc>Navigates the current browser window to the provided ``url``.</doc>
<msg timestamp="20220927 14:50:57.115" level="INFO">Opening url 'https://trade-sticker-dev.vercel.app/'</msg>
<status status="PASS" starttime="20220927 14:50:57.113" endtime="20220927 14:50:58.785"/>
</kw>
<kw name="Get Title" library="SeleniumLibrary">
<var>${PageTitle}</var>
<doc>Returns the title of the current page.</doc>
<msg timestamp="20220927 14:50:58.795" level="INFO">${PageTitle} = Trade Sticker by Papito</msg>
<status status="PASS" starttime="20220927 14:50:58.786" endtime="20220927 14:50:58.798"/>
</kw>
<kw name="Log" library="BuiltIn">
<arg>${PageTitle}</arg>
<doc>Logs the given message with the given level.</doc>
<msg timestamp="20220927 14:50:58.800" level="INFO">Trade Sticker by Papito</msg>
<status status="PASS" starttime="20220927 14:50:58.799" endtime="20220927 14:50:58.801"/>
</kw>
<kw name="Check Login Page" library="LoginPage">
<kw name="Wait Until Element Is Visible" library="SeleniumLibrary">
<arg>${loginButton}</arg>
<doc>Waits until the element ``locator`` is visible.</doc>
<status status="PASS" starttime="20220927 14:50:58.802" endtime="20220927 14:50:58.840"/>
</kw>
<kw name="Element Should Be Visible" library="SeleniumLibrary">
<arg>${loginButton}</arg>
<doc>Verifies that the element identified by ``locator`` is visible.</doc>
<msg timestamp="20220927 14:50:58.866" level="INFO">Element '//button[contains(text(),'Entrar')]' is displayed.</msg>
<status status="PASS" starttime="20220927 14:50:58.840" endtime="20220927 14:50:58.868"/>
</kw>
<status status="PASS" starttime="20220927 14:50:58.802" endtime="20220927 14:50:58.868"/>
</kw>
<status status="PASS" starttime="20220927 14:50:54.057" endtime="20220927 14:50:58.868"/>
</kw>
<test id="s1-s1-s2-t1" name="Scenario1: Check Login Page" line="13">
<kw name="Login With" library="LoginPage">
<arg>${login}</arg>
<arg>${password}</arg>
<kw name="Check Login Page" library="LoginPage">
<kw name="Wait Until Element Is Visible" library="SeleniumLibrary">
<arg>${loginButton}</arg>
<doc>Waits until the element ``locator`` is visible.</doc>
<status status="PASS" starttime="20220927 14:50:58.871" endtime="20220927 14:50:58.884"/>
</kw>
<kw name="Element Should Be Visible" library="SeleniumLibrary">
<arg>${loginButton}</arg>
<doc>Verifies that the element identified by ``locator`` is visible.</doc>
<msg timestamp="20220927 14:50:58.901" level="INFO">Element '//button[contains(text(),'Entrar')]' is displayed.</msg>
<status status="PASS" starttime="20220927 14:50:58.885" endtime="20220927 14:50:58.903"/>
</kw>
<status status="PASS" starttime="20220927 14:50:58.871" endtime="20220927 14:50:58.904"/>
</kw>
<kw name="Input Text" library="SeleniumLibrary">
<arg>${loginInput}</arg>
<arg>${login}</arg>
<doc>Types the given ``text`` into the text field identified by ``locator``.</doc>
<msg timestamp="20220927 14:50:58.904" level="INFO">Typing text 'papito@gmail.com' into text field 'name:email'.</msg>
<status status="PASS" starttime="20220927 14:50:58.904" endtime="20220927 14:50:59.018"/>
</kw>
<kw name="Input Text" library="SeleniumLibrary">
<arg>${passwordInput}</arg>
<arg>${password}</arg>
<doc>Types the given ``text`` into the text field identified by ``locator``.</doc>
<msg timestamp="20220927 14:50:59.020" level="INFO">Typing text 'vaibrasil' into text field 'name:password'.</msg>
<status status="PASS" starttime="20220927 14:50:59.019" endtime="20220927 14:50:59.097"/>
</kw>
<kw name="Click Element" library="SeleniumLibrary">
<arg>${loginButton}</arg>
<doc>Click the element identified by ``locator``.</doc>
<msg timestamp="20220927 14:50:59.098" level="INFO">Clicking element '//button[contains(text(),'Entrar')]'.</msg>
<status status="PASS" starttime="20220927 14:50:59.097" endtime="20220927 14:50:59.171"/>
</kw>
<status status="PASS" starttime="20220927 14:50:58.870" endtime="20220927 14:50:59.171"/>
</kw>
<kw name="Check DashBoardPage Page" library="DashboardPage">
<kw name="Wait Until Element Is Visible" library="SeleniumLibrary">
<arg>${backButton}</arg>
<doc>Waits until the element ``locator`` is visible.</doc>
<status status="PASS" starttime="20220927 14:50:59.173" endtime="20220927 14:50:59.423"/>
</kw>
<kw name="Wait Until Element Is Visible" library="SeleniumLibrary">
<arg>${searchBarInput}</arg>
<doc>Waits until the element ``locator`` is visible.</doc>
<status status="PASS" starttime="20220927 14:50:59.423" endtime="20220927 14:50:59.441"/>
</kw>
<kw name="Wait Until Element Is Visible" library="SeleniumLibrary">
<arg>${searchButton}</arg>
<doc>Waits until the element ``locator`` is visible.</doc>
<status status="PASS" starttime="20220927 14:50:59.441" endtime="20220927 14:50:59.459"/>
</kw>
<status status="PASS" starttime="20220927 14:50:59.172" endtime="20220927 14:50:59.459"/>
</kw>
<kw name="Click Back Button" library="DashboardPage">
<kw name="Click Element" library="SeleniumLibrary">
<arg>${backButton}</arg>
<doc>Click the element identified by ``locator``.</doc>
<msg timestamp="20220927 14:50:59.461" level="INFO">Clicking element '//img[contains(@src,'back')]'.</msg>
<status status="PASS" starttime="20220927 14:50:59.461" endtime="20220927 14:50:59.508"/>
</kw>
<status status="PASS" starttime="20220927 14:50:59.460" endtime="20220927 14:50:59.508"/>
</kw>
<kw name="Check Login Page" library="LoginPage">
<kw name="Wait Until Element Is Visible" library="SeleniumLibrary">
<arg>${loginButton}</arg>
<doc>Waits until the element ``locator`` is visible.</doc>
<status status="PASS" starttime="20220927 14:50:59.510" endtime="20220927 14:50:59.527"/>
</kw>
<kw name="Element Should Be Visible" library="SeleniumLibrary">
<arg>${loginButton}</arg>
<doc>Verifies that the element identified by ``locator`` is visible.</doc>
<msg timestamp="20220927 14:50:59.543" level="INFO">Element '//button[contains(text(),'Entrar')]' is displayed.</msg>
<status status="PASS" starttime="20220927 14:50:59.527" endtime="20220927 14:50:59.544"/>
</kw>
<status status="PASS" starttime="20220927 14:50:59.509" endtime="20220927 14:50:59.545"/>
</kw>
<doc>Test for Login Page</doc>
<tag>full</tag>
<tag>login</tag>
<tag>smoke</tag>
<status status="PASS" starttime="20220927 14:50:58.868" endtime="20220927 14:50:59.545"/>
</test>
<kw name="Close Session" library="BasePage" type="TEARDOWN">
<kw name="Capture Page Screenshot" library="SeleniumLibrary">
<doc>Takes a screenshot of the current page and embeds it into a log file.</doc>
<msg timestamp="20220927 14:51:00.362" level="INFO" html="true">&lt;/td&gt;&lt;/tr&gt;&lt;tr&gt;&lt;td colspan="3"&gt;&lt;a href="selenium-screenshot-36.png"&gt;&lt;img src="selenium-screenshot-36.png" width="800px"&gt;&lt;/a&gt;</msg>
<status status="PASS" starttime="20220927 14:50:59.548" endtime="20220927 14:51:00.364"/>
</kw>
<kw name="Close Browser" library="SeleniumLibrary">
<doc>Closes the current browser.</doc>
<status status="PASS" starttime="20220927 14:51:00.364" endtime="20220927 14:51:02.495"/>
</kw>
<status status="PASS" starttime="20220927 14:50:59.547" endtime="20220927 14:51:02.495"/>
</kw>
<status status="PASS" starttime="20220927 14:50:54.037" endtime="20220927 14:51:02.496"/>
</suite>
<status status="PASS" starttime="20220927 14:50:42.963" endtime="20220927 14:51:02.499"/>
</suite>
<status status="PASS" starttime="20220927 14:50:42.937" endtime="20220927 14:51:02.502"/>
</suite>
<statistics>
<total>
<stat pass="3" fail="0" skip="0">All Tests</stat>
</total>
<tag>
<stat pass="2" fail="0" skip="0">Dashboard</stat>
<stat pass="3" fail="0" skip="0">full</stat>
<stat pass="1" fail="0" skip="0">login</stat>
<stat pass="3" fail="0" skip="0">smoke</stat>
</tag>
<suite>
<stat pass="3" fail="0" skip="0" id="s1" name="projetoTradeStickerQAninja">projetoTradeStickerQAninja</stat>
<stat pass="3" fail="0" skip="0" id="s1-s1" name="Tests">projetoTradeStickerQAninja.Tests</stat>
<stat pass="2" fail="0" skip="0" id="s1-s1-s1" name="DashboardTest">projetoTradeStickerQAninja.Tests.DashboardTest</stat>
<stat pass="1" fail="0" skip="0" id="s1-s1-s2" name="LoginTest">projetoTradeStickerQAninja.Tests.LoginTest</stat>
</suite>
</statistics>
<errors>
</errors>
</robot>
