<?xml version="1.0" encoding="UTF-8"?>
<robot generator="Robot 5.0.1 (Python 3.9.11 on win32)" generated="20220926 22:25:46.585" rpa="false" schemaversion="3">
<suite id="s1" name="projetoTradeStickerQAninja" source="C:\RobotFramework\projetoTradeStickerQAninja">
<suite id="s1-s1" name="Tests" source="C:\RobotFramework\projetoTradeStickerQAninja\Tests">
<suite id="s1-s1-s1" name="LoginTest" source="C:\RobotFramework\projetoTradeStickerQAninja\Tests\LoginTest.robot">
<kw name="Start Session" library="BasePage" type="SETUP">
<kw name="Open Browser" library="SeleniumLibrary">
<arg>about:blank</arg>
<arg>${BROWSER}</arg>
<doc>Opens a new browser instance to the optional ``url``.</doc>
<msg timestamp="20220926 22:25:47.479" level="INFO">Opening browser 'chrome' to base url 'about:blank'.</msg>
<status status="PASS" starttime="20220926 22:25:47.479" endtime="20220926 22:25:49.746"/>
</kw>
<kw name="Set Selenium Implicit Wait" library="SeleniumLibrary">
<arg>${TIMEOUT}</arg>
<doc>Sets the implicit wait value used by Selenium.</doc>
<status status="PASS" starttime="20220926 22:25:49.746" endtime="20220926 22:25:49.748"/>
</kw>
<kw name="Set Window Size" library="SeleniumLibrary">
<arg>${BROWSER_WIDTH}</arg>
<arg>${BROWSER_HEIGHT}</arg>
<doc>Sets current windows size to given ``width`` and ``height``.</doc>
<status status="PASS" starttime="20220926 22:25:49.748" endtime="20220926 22:25:49.871"/>
</kw>
<kw name="Go To" library="SeleniumLibrary">
<arg>${BASEURL}</arg>
<doc>Navigates the current browser window to the provided ``url``.</doc>
<msg timestamp="20220926 22:25:49.871" level="INFO">Opening url 'https://trade-sticker-dev.vercel.app/'</msg>
<status status="PASS" starttime="20220926 22:25:49.871" endtime="20220926 22:25:52.271"/>
</kw>
<kw name="Get Title" library="SeleniumLibrary">
<var>${PageTitle}</var>
<doc>Returns the title of the current page.</doc>
<msg timestamp="20220926 22:25:52.284" level="INFO">${PageTitle} = Trade Sticker by Papito</msg>
<status status="PASS" starttime="20220926 22:25:52.272" endtime="20220926 22:25:52.285"/>
</kw>
<kw name="Log" library="BuiltIn">
<arg>${PageTitle}</arg>
<doc>Logs the given message with the given level.</doc>
<msg timestamp="20220926 22:25:52.286" level="INFO">Trade Sticker by Papito</msg>
<status status="PASS" starttime="20220926 22:25:52.285" endtime="20220926 22:25:52.287"/>
</kw>
<kw name="Check Login Page" library="LoginPage">
<kw name="Wait Until Element Is Visible" library="SeleniumLibrary">
<arg>${loginButton}</arg>
<doc>Waits until the element ``locator`` is visible.</doc>
<status status="PASS" starttime="20220926 22:25:52.288" endtime="20220926 22:25:52.333"/>
</kw>
<kw name="Element Should Be Visible" library="SeleniumLibrary">
<arg>${loginButton}</arg>
<doc>Verifies that the element identified by ``locator`` is visible.</doc>
<msg timestamp="20220926 22:25:52.359" level="INFO">Element '//button[contains(text(),'Entrar')]' is displayed.</msg>
<status status="PASS" starttime="20220926 22:25:52.333" endtime="20220926 22:25:52.361"/>
</kw>
<status status="PASS" starttime="20220926 22:25:52.287" endtime="20220926 22:25:52.361"/>
</kw>
<status status="PASS" starttime="20220926 22:25:47.478" endtime="20220926 22:25:52.362"/>
</kw>
<test id="s1-s1-s1-t1" name="Scenario1: Check Login Page" line="13">
<kw name="Login With" library="LoginPage">
<arg>${login}</arg>
<arg>${password}</arg>
<kw name="Check Login Page" library="LoginPage">
<kw name="Wait Until Element Is Visible" library="SeleniumLibrary">
<arg>${loginButton}</arg>
<doc>Waits until the element ``locator`` is visible.</doc>
<status status="PASS" starttime="20220926 22:25:52.365" endtime="20220926 22:25:52.379"/>
</kw>
<kw name="Element Should Be Visible" library="SeleniumLibrary">
<arg>${loginButton}</arg>
<doc>Verifies that the element identified by ``locator`` is visible.</doc>
<msg timestamp="20220926 22:25:52.393" level="INFO">Element '//button[contains(text(),'Entrar')]' is displayed.</msg>
<status status="PASS" starttime="20220926 22:25:52.379" endtime="20220926 22:25:52.395"/>
</kw>
<status status="PASS" starttime="20220926 22:25:52.365" endtime="20220926 22:25:52.395"/>
</kw>
<kw name="Input Text" library="SeleniumLibrary">
<arg>${loginInput}</arg>
<arg>${login}</arg>
<doc>Types the given ``text`` into the text field identified by ``locator``.</doc>
<msg timestamp="20220926 22:25:52.395" level="INFO">Typing text 'papito@gmail.com' into text field 'name:email'.</msg>
<status status="PASS" starttime="20220926 22:25:52.395" endtime="20220926 22:25:52.546"/>
</kw>
<kw name="Input Text" library="SeleniumLibrary">
<arg>${passwordInput}</arg>
<arg>${password}</arg>
<doc>Types the given ``text`` into the text field identified by ``locator``.</doc>
<msg timestamp="20220926 22:25:52.547" level="INFO">Typing text 'vaibrasil' into text field 'name:password'.</msg>
<status status="PASS" starttime="20220926 22:25:52.546" endtime="20220926 22:25:52.633"/>
</kw>
<kw name="Click Element" library="SeleniumLibrary">
<arg>${loginButton}</arg>
<doc>Click the element identified by ``locator``.</doc>
<msg timestamp="20220926 22:25:52.634" level="INFO">Clicking element '//button[contains(text(),'Entrar')]'.</msg>
<status status="PASS" starttime="20220926 22:25:52.634" endtime="20220926 22:25:52.702"/>
</kw>
<status status="PASS" starttime="20220926 22:25:52.364" endtime="20220926 22:25:52.702"/>
</kw>
<kw name="Check DashBoardPage Page" library="DashboardPage">
<kw name="Wait Until Element Is Visible" library="SeleniumLibrary">
<arg>${backButton}</arg>
<doc>Waits until the element ``locator`` is visible.</doc>
<status status="PASS" starttime="20220926 22:25:52.704" endtime="20220926 22:25:52.944"/>
</kw>
<kw name="Wait Until Element Is Visible" library="SeleniumLibrary">
<arg>${searchBarInput}</arg>
<doc>Waits until the element ``locator`` is visible.</doc>
<status status="PASS" starttime="20220926 22:25:52.944" endtime="20220926 22:25:52.963"/>
</kw>
<kw name="Wait Until Element Is Visible" library="SeleniumLibrary">
<arg>${searchButton}</arg>
<doc>Waits until the element ``locator`` is visible.</doc>
<status status="PASS" starttime="20220926 22:25:52.963" endtime="20220926 22:25:52.981"/>
</kw>
<status status="PASS" starttime="20220926 22:25:52.704" endtime="20220926 22:25:52.982"/>
</kw>
<kw name="Click Back Button" library="DashboardPage">
<kw name="Click Element" library="SeleniumLibrary">
<arg>${backButton}</arg>
<doc>Click the element identified by ``locator``.</doc>
<msg timestamp="20220926 22:25:52.984" level="INFO">Clicking element '//img[contains(@src,'back')]'.</msg>
<status status="PASS" starttime="20220926 22:25:52.984" endtime="20220926 22:25:53.022"/>
</kw>
<status status="PASS" starttime="20220926 22:25:52.983" endtime="20220926 22:25:53.022"/>
</kw>
<kw name="Check Login Page" library="LoginPage">
<kw name="Wait Until Element Is Visible" library="SeleniumLibrary">
<arg>${loginButton}</arg>
<doc>Waits until the element ``locator`` is visible.</doc>
<status status="PASS" starttime="20220926 22:25:53.026" endtime="20220926 22:25:53.041"/>
</kw>
<kw name="Element Should Be Visible" library="SeleniumLibrary">
<arg>${loginButton}</arg>
<doc>Verifies that the element identified by ``locator`` is visible.</doc>
<msg timestamp="20220926 22:25:53.055" level="INFO">Element '//button[contains(text(),'Entrar')]' is displayed.</msg>
<status status="PASS" starttime="20220926 22:25:53.041" endtime="20220926 22:25:53.057"/>
</kw>
<status status="PASS" starttime="20220926 22:25:53.024" endtime="20220926 22:25:53.057"/>
</kw>
<doc>Test for Login Page</doc>
<tag>full</tag>
<tag>login</tag>
<tag>smoke</tag>
<status status="PASS" starttime="20220926 22:25:52.362" endtime="20220926 22:25:53.058"/>
</test>
<kw name="Close Session" library="BasePage" type="TEARDOWN">
<kw name="Capture Page Screenshot" library="SeleniumLibrary">
<doc>Takes a screenshot of the current page and embeds it into a log file.</doc>
<msg timestamp="20220926 22:25:53.854" level="INFO" html="true">&lt;/td&gt;&lt;/tr&gt;&lt;tr&gt;&lt;td colspan="3"&gt;&lt;a href="selenium-screenshot-33.png"&gt;&lt;img src="selenium-screenshot-33.png" width="800px"&gt;&lt;/a&gt;</msg>
<status status="PASS" starttime="20220926 22:25:53.061" endtime="20220926 22:25:53.856"/>
</kw>
<kw name="Close Browser" library="SeleniumLibrary">
<doc>Closes the current browser.</doc>
<status status="PASS" starttime="20220926 22:25:53.857" endtime="20220926 22:25:56.178"/>
</kw>
<status status="PASS" starttime="20220926 22:25:53.061" endtime="20220926 22:25:56.178"/>
</kw>
<status status="PASS" starttime="20220926 22:25:46.623" endtime="20220926 22:25:56.178"/>
</suite>
<status status="PASS" starttime="20220926 22:25:46.619" endtime="20220926 22:25:56.182"/>
</suite>
<status status="PASS" starttime="20220926 22:25:46.590" endtime="20220926 22:25:56.185"/>
</suite>
<statistics>
<total>
<stat pass="1" fail="0" skip="0">All Tests</stat>
</total>
<tag>
<stat pass="1" fail="0" skip="0">full</stat>
<stat pass="1" fail="0" skip="0">login</stat>
<stat pass="1" fail="0" skip="0">smoke</stat>
</tag>
<suite>
<stat pass="1" fail="0" skip="0" id="s1" name="projetoTradeStickerQAninja">projetoTradeStickerQAninja</stat>
<stat pass="1" fail="0" skip="0" id="s1-s1" name="Tests">projetoTradeStickerQAninja.Tests</stat>
<stat pass="1" fail="0" skip="0" id="s1-s1-s1" name="LoginTest">projetoTradeStickerQAninja.Tests.LoginTest</stat>
</suite>
</statistics>
<errors>
</errors>
</robot>
