<?xml version="1.0" encoding="UTF-8"?>
<robot generator="Robot 5.0.1 (Python 3.9.11 on win32)" generated="20220929 11:19:50.337" rpa="false" schemaversion="3">
<suite id="s1" name="DashboardTest" source="C:\RobotFramework\projetoTradeStickerQAninja\Tests\DashboardTest.robot">
<kw name="Start Session and Login" library="BasePage" type="SETUP">
<kw name="Start Session" library="BasePage">
<kw name="Get Driver Path With Browser" library="webdriverManager">
<var>${driver_path}</var>
<arg>${BROWSER}</arg>
<msg timestamp="20220929 11:19:51.362" level="INFO">====== WebDriver manager ======</msg>
<msg timestamp="20220929 11:19:52.365" level="INFO">Get LATEST chromedriver version for google-chrome 105.0.5195</msg>
<msg timestamp="20220929 11:19:53.505" level="INFO">About to download new driver from https://chromedriver.storage.googleapis.com/105.0.5195.52/chromedriver_win32.zip</msg>
<msg timestamp="20220929 11:19:55.373" level="INFO">Driver has been saved in cache [C:\Users\telve\.wdm\drivers\chromedriver\win32\105.0.5195]</msg>
<msg timestamp="20220929 11:19:55.376" level="INFO">C:\Users\telve\.wdm\drivers\chromedriver\win32\105.0.5195\chromedriver.exe</msg>
<msg timestamp="20220929 11:19:55.377" level="INFO">[WDM] - Downloading:   0%|                                                                                    | 0.00/6.68M [00:00&lt;?, ?B/s][WDM] - Downloading:   1%|6                                                                           | 56.0k/6.68M [00:00&lt;00:12, 541kB/s][WDM] - Downloading:   3%|##1                                                                         | 192k/6.68M [00:00&lt;00:06, 1.03MB/s][WDM] - Downloading:   7%|#####6                                                                      | 512k/6.68M [00:00&lt;00:03, 2.04MB/s][WDM] - Downloading:  17%|############5                                                              | 1.12M/6.68M [00:00&lt;00:01, 3.74MB/s][WDM] - Downloading:  37%|###########################8                                               | 2.48M/6.68M [00:00&lt;00:00, 7.47MB/s][WDM] - Downloading:  59%|###########################################9                               | 3.91M/6.68M [00:00&lt;00:00, 9.86MB/s][WDM] - Downloading:  78%|##########################################################3                | 5.20M/6.68M [00:00&lt;00:00, 11.0MB/s][WDM] - Downloading: 100%|###########################################################################| 6.68M/6.68M [00:00&lt;00:00, 8.71MB/s]</msg>
<msg timestamp="20220929 11:19:55.379" level="INFO">${driver_path} = C:\Users\telve\.wdm\drivers\chromedriver\win32\105.0.5195\chromedriver.exe</msg>
<status status="PASS" starttime="20220929 11:19:51.362" endtime="20220929 11:19:55.381"/>
</kw>
<kw name="Open Browser" library="SeleniumLibrary">
<arg>about:blank</arg>
<arg>${BROWSER}</arg>
<arg>executable_path=${driver_path}</arg>
<doc>Opens a new browser instance to the optional ``url``.</doc>
<msg timestamp="20220929 11:19:55.383" level="INFO">Opening browser 'chrome' to base url 'about:blank'.</msg>
<status status="PASS" starttime="20220929 11:19:55.382" endtime="20220929 11:19:58.149"/>
</kw>
<kw name="Set Selenium Implicit Wait" library="SeleniumLibrary">
<arg>${TIMEOUT}</arg>
<doc>Sets the implicit wait value used by Selenium.</doc>
<status status="PASS" starttime="20220929 11:19:58.149" endtime="20220929 11:19:58.153"/>
</kw>
<kw name="Set Window Size" library="SeleniumLibrary">
<arg>${BROWSER_WIDTH}</arg>
<arg>${BROWSER_HEIGHT}</arg>
<doc>Sets current windows size to given ``width`` and ``height``.</doc>
<status status="PASS" starttime="20220929 11:19:58.154" endtime="20220929 11:19:58.283"/>
</kw>
<kw name="Go To" library="SeleniumLibrary">
<arg>${BASEURL}</arg>
<doc>Navigates the current browser window to the provided ``url``.</doc>
<msg timestamp="20220929 11:19:58.285" level="INFO">Opening url 'https://trade-sticker-dev.vercel.app/'</msg>
<status status="PASS" starttime="20220929 11:19:58.284" endtime="20220929 11:20:00.746"/>
</kw>
<kw name="Get Title" library="SeleniumLibrary">
<var>${PageTitle}</var>
<doc>Returns the title of the current page.</doc>
<msg timestamp="20220929 11:20:00.755" level="INFO">${PageTitle} = Trade Sticker by Papito</msg>
<status status="PASS" starttime="20220929 11:20:00.746" endtime="20220929 11:20:00.757"/>
</kw>
<kw name="Log" library="BuiltIn">
<arg>${PageTitle}</arg>
<doc>Logs the given message with the given level.</doc>
<msg timestamp="20220929 11:20:00.759" level="INFO">Trade Sticker by Papito</msg>
<status status="PASS" starttime="20220929 11:20:00.757" endtime="20220929 11:20:00.761"/>
</kw>
<kw name="Check Login Page" library="LoginPage">
<kw name="Wait Until Element Is Visible" library="SeleniumLibrary">
<arg>${loginButton}</arg>
<doc>Waits until the element ``locator`` is visible.</doc>
<status status="PASS" starttime="20220929 11:20:00.763" endtime="20220929 11:20:00.802"/>
</kw>
<kw name="Element Should Be Visible" library="SeleniumLibrary">
<arg>${loginButton}</arg>
<doc>Verifies that the element identified by ``locator`` is visible.</doc>
<msg timestamp="20220929 11:20:00.827" level="INFO">Element '//button[contains(text(),'Entrar')]' is displayed.</msg>
<status status="PASS" starttime="20220929 11:20:00.802" endtime="20220929 11:20:00.827"/>
</kw>
<status status="PASS" starttime="20220929 11:20:00.762" endtime="20220929 11:20:00.827"/>
</kw>
<status status="PASS" starttime="20220929 11:19:51.361" endtime="20220929 11:20:00.827"/>
</kw>
<kw name="Login With" library="LoginPage">
<arg>${login}</arg>
<arg>${password}</arg>
<kw name="Check Login Page" library="LoginPage">
<kw name="Wait Until Element Is Visible" library="SeleniumLibrary">
<arg>${loginButton}</arg>
<doc>Waits until the element ``locator`` is visible.</doc>
<status status="PASS" starttime="20220929 11:20:00.830" endtime="20220929 11:20:00.848"/>
</kw>
<kw name="Element Should Be Visible" library="SeleniumLibrary">
<arg>${loginButton}</arg>
<doc>Verifies that the element identified by ``locator`` is visible.</doc>
<msg timestamp="20220929 11:20:00.862" level="INFO">Element '//button[contains(text(),'Entrar')]' is displayed.</msg>
<status status="PASS" starttime="20220929 11:20:00.849" endtime="20220929 11:20:00.864"/>
</kw>
<status status="PASS" starttime="20220929 11:20:00.829" endtime="20220929 11:20:00.864"/>
</kw>
<kw name="Input Text" library="SeleniumLibrary">
<arg>${loginInput}</arg>
<arg>${login}</arg>
<doc>Types the given ``text`` into the text field identified by ``locator``.</doc>
<msg timestamp="20220929 11:20:00.865" level="INFO">Typing text 'papito@gmail.com' into text field 'name:email'.</msg>
<status status="PASS" starttime="20220929 11:20:00.864" endtime="20220929 11:20:01.012"/>
</kw>
<kw name="Input Text" library="SeleniumLibrary">
<arg>${passwordInput}</arg>
<arg>${password}</arg>
<doc>Types the given ``text`` into the text field identified by ``locator``.</doc>
<msg timestamp="20220929 11:20:01.014" level="INFO">Typing text 'vaibrasil' into text field 'name:password'.</msg>
<status status="PASS" starttime="20220929 11:20:01.013" endtime="20220929 11:20:01.099"/>
</kw>
<kw name="Click Element" library="SeleniumLibrary">
<arg>${loginButton}</arg>
<doc>Click the element identified by ``locator``.</doc>
<msg timestamp="20220929 11:20:01.100" level="INFO">Clicking element '//button[contains(text(),'Entrar')]'.</msg>
<status status="PASS" starttime="20220929 11:20:01.099" endtime="20220929 11:20:01.172"/>
</kw>
<status status="PASS" starttime="20220929 11:20:00.828" endtime="20220929 11:20:01.173"/>
</kw>
<kw name="Check DashBoardPage Page" library="DashboardPage">
<kw name="Wait Until Element Is Visible" library="SeleniumLibrary">
<arg>${backButton}</arg>
<doc>Waits until the element ``locator`` is visible.</doc>
<status status="PASS" starttime="20220929 11:20:01.174" endtime="20220929 11:20:26.275"/>
</kw>
<kw name="Wait Until Element Is Visible" library="SeleniumLibrary">
<arg>${searchBarInput}</arg>
<doc>Waits until the element ``locator`` is visible.</doc>
<status status="PASS" starttime="20220929 11:20:26.275" endtime="20220929 11:20:26.294"/>
</kw>
<kw name="Wait Until Element Is Visible" library="SeleniumLibrary">
<arg>${searchButton}</arg>
<doc>Waits until the element ``locator`` is visible.</doc>
<status status="PASS" starttime="20220929 11:20:26.295" endtime="20220929 11:20:26.321"/>
</kw>
<status status="PASS" starttime="20220929 11:20:01.173" endtime="20220929 11:20:26.322"/>
</kw>
<status status="PASS" starttime="20220929 11:19:51.359" endtime="20220929 11:20:26.322"/>
</kw>
<test id="s1-t1" name="Scenario1: Check Search function" line="11">
<kw name="Search for ticket" library="DashboardPage">
<arg>Neymar</arg>
<kw name="Input Text" library="SeleniumLibrary">
<arg>${searchBarInput}</arg>
<arg>${ticket}</arg>
<doc>Types the given ``text`` into the text field identified by ``locator``.</doc>
<msg timestamp="20220929 11:20:26.327" level="INFO">Typing text 'Neymar' into text field 'id:keyword'.</msg>
<status status="PASS" starttime="20220929 11:20:26.326" endtime="20220929 11:20:26.416"/>
</kw>
<kw name="Click Search Button" library="DashboardPage">
<kw name="Click Element" library="SeleniumLibrary">
<arg>${searchButton}</arg>
<doc>Click the element identified by ``locator``.</doc>
<msg timestamp="20220929 11:20:26.421" level="INFO">Clicking element '//button[contains(text(),'Buscar')]'.</msg>
<status status="PASS" starttime="20220929 11:20:26.419" endtime="20220929 11:20:26.478"/>
</kw>
<status status="PASS" starttime="20220929 11:20:26.417" endtime="20220929 11:20:26.479"/>
</kw>
<status status="PASS" starttime="20220929 11:20:26.325" endtime="20220929 11:20:26.479"/>
</kw>
<kw name="Check Results" library="DashboardPage">
<kw name="Wait Until Element Is Visible" library="SeleniumLibrary">
<arg>${searchResultsTable}</arg>
<doc>Waits until the element ``locator`` is visible.</doc>
<status status="PASS" starttime="20220929 11:21:20.876" endtime="20220929 11:21:20.903"/>
</kw>
<status status="PASS" starttime="20220929 11:20:26.481" endtime="20220929 11:21:20.904"/>
</kw>
<doc>Test for Dashboard Page</doc>
<tag>Dashboard</tag>
<tag>full</tag>
<tag>smoke</tag>
<status status="PASS" starttime="20220929 11:20:26.323" endtime="20220929 11:21:20.904"/>
</test>
<test id="s1-t2" name="Scenario1: Check no results" line="18">
<kw name="Search for ticket" library="DashboardPage">
<arg>noResults</arg>
<kw name="Input Text" library="SeleniumLibrary">
<arg>${searchBarInput}</arg>
<arg>${ticket}</arg>
<doc>Types the given ``text`` into the text field identified by ``locator``.</doc>
<msg timestamp="20220929 11:21:20.912" level="INFO">Typing text 'noResults' into text field 'id:keyword'.</msg>
<status status="PASS" starttime="20220929 11:21:20.911" endtime="20220929 11:21:21.076"/>
</kw>
<kw name="Click Search Button" library="DashboardPage">
<kw name="Click Element" library="SeleniumLibrary">
<arg>${searchButton}</arg>
<doc>Click the element identified by ``locator``.</doc>
<msg timestamp="20220929 11:21:21.082" level="INFO">Clicking element '//button[contains(text(),'Buscar')]'.</msg>
<status status="PASS" starttime="20220929 11:21:21.080" endtime="20220929 11:21:21.139"/>
</kw>
<status status="PASS" starttime="20220929 11:21:21.077" endtime="20220929 11:21:21.139"/>
</kw>
<status status="PASS" starttime="20220929 11:21:20.910" endtime="20220929 11:21:21.140"/>
</kw>
<kw name="Check No Results" library="DashboardPage">
<kw name="Wait Until Element Is Visible" library="SeleniumLibrary">
<arg>${erroAlert}</arg>
<doc>Waits until the element ``locator`` is visible.</doc>
<status status="PASS" starttime="20220929 11:21:21.142" endtime="20220929 11:21:21.802"/>
</kw>
<status status="PASS" starttime="20220929 11:21:21.142" endtime="20220929 11:21:21.802"/>
</kw>
<doc>Test for Dashboard Page</doc>
<tag>Dashboard</tag>
<tag>full</tag>
<tag>smoke</tag>
<status status="PASS" starttime="20220929 11:21:20.907" endtime="20220929 11:21:21.803"/>
</test>
<kw name="Close Session" library="BasePage" type="TEARDOWN">
<kw name="Capture Page Screenshot" library="SeleniumLibrary">
<doc>Takes a screenshot of the current page and embeds it into a log file.</doc>
<msg timestamp="20220929 11:21:22.213" level="INFO" html="true">&lt;/td&gt;&lt;/tr&gt;&lt;tr&gt;&lt;td colspan="3"&gt;&lt;a href="selenium-screenshot-37.png"&gt;&lt;img src="selenium-screenshot-37.png" width="800px"&gt;&lt;/a&gt;</msg>
<status status="PASS" starttime="20220929 11:21:21.807" endtime="20220929 11:21:22.215"/>
</kw>
<kw name="Close Browser" library="SeleniumLibrary">
<doc>Closes the current browser.</doc>
<status status="PASS" starttime="20220929 11:21:22.216" endtime="20220929 11:21:24.387"/>
</kw>
<status status="PASS" starttime="20220929 11:21:21.806" endtime="20220929 11:21:24.387"/>
</kw>
<status status="PASS" starttime="20220929 11:19:50.344" endtime="20220929 11:21:24.387"/>
</suite>
<statistics>
<total>
<stat pass="2" fail="0" skip="0">All Tests</stat>
</total>
<tag>
<stat pass="2" fail="0" skip="0">Dashboard</stat>
<stat pass="2" fail="0" skip="0">full</stat>
<stat pass="2" fail="0" skip="0">smoke</stat>
</tag>
<suite>
<stat pass="2" fail="0" skip="0" id="s1" name="DashboardTest">DashboardTest</stat>
</suite>
</statistics>
<errors>
</errors>
</robot>
